Using pre-set license
Built from '2020.3/staging' branch; Version is '2020.3.8f1 (507919d4fff5) revision 5273881'; Using compiler version '192528614'; Build Type 'Release'
OS: 'Windows 10 Home; OS build 22000.434; Version 2009; 64bit' Language: 'en' Physical Memory: 16191 MB
BatchMode: 1, IsHumanControllingUs: 0, StartBugReporterOnCrash: 0, Is64bit: 1, IsPro: 0

 COMMAND LINE ARGUMENTS:
C:\Program Files\Unity\Hub\Editor\2020.3.8f1\Editor\Unity.exe
-adb2
-batchMode
-noUpm
-name
AssetImportWorker0
-projectPath
C:/Users/justi/Documents/GitHub/M2MqttUnity
-logFile
Logs/AssetImportWorker0.log
-srvPort
61194
Successfully changed project path to: C:/Users/justi/Documents/GitHub/M2MqttUnity
C:/Users/justi/Documents/GitHub/M2MqttUnity
Using Asset Import Pipeline V2.
Refreshing native plugins compatible for Editor in 33.72 ms, found 0 plugins.
Preloading 0 native plugins for Editor in 0.00 ms.
Initialize engine version: 2020.3.8f1 (507919d4fff5)
[Subsystems] Discovering subsystems at path C:/Program Files/Unity/Hub/Editor/2020.3.8f1/Editor/Data/Resources/UnitySubsystems
[Subsystems] Discovering subsystems at path C:/Users/justi/Documents/GitHub/M2MqttUnity/Assets
GfxDevice: creating device client; threaded=0
Direct3D:
    Version:  Direct3D 11.0 [level 11.1]
    Renderer: NVIDIA GeForce RTX 2060 (ID=0x1f11)
    Vendor:   
    VRAM:     5980 MB
    Driver:   27.21.14.5763
Initialize mono
Mono path[0] = 'C:/Program Files/Unity/Hub/Editor/2020.3.8f1/Editor/Data/Managed'
Mono path[1] = 'C:/Program Files/Unity/Hub/Editor/2020.3.8f1/Editor/Data/MonoBleedingEdge/lib/mono/unityjit'
Mono config path = 'C:/Program Files/Unity/Hub/Editor/2020.3.8f1/Editor/Data/MonoBleedingEdge/etc'
Using monoOptions --debugger-agent=transport=dt_socket,embedding=1,server=y,suspend=n,address=127.0.0.1:56056
Begin MonoManager ReloadAssembly
Registering precompiled unity dll's ...
Register platform support module: C:/Program Files/Unity/Hub/Editor/2020.3.8f1/Editor/Data/PlaybackEngines/WindowsStandaloneSupport/UnityEditor.WindowsStandalone.Extensions.dll
Registered in 0.003382 seconds.
Native extension for WindowsStandalone target not found
Refreshing native plugins compatible for Editor in 30.16 ms, found 0 plugins.
Preloading 0 native plugins for Editor in 0.00 ms.
Mono: successfully reloaded assembly
- Completed reload, in  4.015 seconds
Platform modules already initialized, skipping
Registering precompiled user dll's ...
Registered in 0.001104 seconds.
Begin MonoManager ReloadAssembly
Native extension for WindowsStandalone target not found
Refreshing native plugins compatible for Editor in 0.26 ms, found 0 plugins.
Preloading 0 native plugins for Editor in 0.00 ms.
Mono: successfully reloaded assembly
- Completed reload, in  1.163 seconds
Platform modules already initialized, skipping
========================================================================
Worker process is ready to serve import requests
Launched and connected shader compiler UnityShaderCompiler.exe after 0.09 seconds
Refreshing native plugins compatible for Editor in 0.40 ms, found 0 plugins.
Preloading 0 native plugins for Editor in 0.00 ms.
Unloading 1164 Unused Serialized files (Serialized files now loaded: 0)
System memory in use before: 58.3 MB.
System memory in use after: 58.4 MB.

Unloading 9 unused Assets to reduce memory usage. Loaded Objects now: 1607.
Total: 1.960300 ms (FindLiveObjects: 0.164600 ms CreateObjectMapping: 0.028300 ms MarkObjects: 1.696600 ms  DeleteObjects: 0.069200 ms)

========================================================================
Received Import Request.
  path: Assets/M2MqttUnity/Examples
  artifactKey: Guid(bb43baa40607deb429a1065ee019ff90) Importer(815301076,1909f56bfc062723c751e8b465ee728b)
Start importing Assets/M2MqttUnity/Examples using Guid(bb43baa40607deb429a1065ee019ff90) Importer(815301076,1909f56bfc062723c751e8b465ee728b)  -> (artifact id: '795d544396bf54755bace56c00102beb') in 0.012052 seconds
  Import took 0.014192 seconds .

========================================================================
Received Import Request.
  Time since last request: 0.184436 seconds.
  path: Assets/M2MqttUnity/Examples/Scenes
  artifactKey: Guid(d74164cf955efac49ae3083396febb00) Importer(815301076,1909f56bfc062723c751e8b465ee728b)
Start importing Assets/M2MqttUnity/Examples/Scenes using Guid(d74164cf955efac49ae3083396febb00) Importer(815301076,1909f56bfc062723c751e8b465ee728b)  -> (artifact id: '41986b7856d9630a98b37481783a6dc0') in 0.013486 seconds
  Import took 0.016119 seconds .

========================================================================
Received Import Request.
  Time since last request: 1.327096 seconds.
  path: Assets/M2MqttUnity/Examples/Scenes/M2MqttUnity_TestXR.unity
  artifactKey: Guid(a5aedeaf212ee024d8084c156b955948) Importer(815301076,1909f56bfc062723c751e8b465ee728b)
Start importing Assets/M2MqttUnity/Examples/Scenes/M2MqttUnity_TestXR.unity using Guid(a5aedeaf212ee024d8084c156b955948) Importer(815301076,1909f56bfc062723c751e8b465ee728b)  -> (artifact id: '72ea665ee6040d89175d61fda2f9c652') in 0.025163 seconds
  Import took 0.027525 seconds .

========================================================================
Received Import Request.
  Time since last request: 4.119545 seconds.
  path: Assets/M2MqttUnity/Examples/Scenes/M2MqttUnity_Test.unity
  artifactKey: Guid(fad30ee856646504c9bfaacfe2247591) Importer(815301076,1909f56bfc062723c751e8b465ee728b)
Start importing Assets/M2MqttUnity/Examples/Scenes/M2MqttUnity_Test.unity using Guid(fad30ee856646504c9bfaacfe2247591) Importer(815301076,1909f56bfc062723c751e8b465ee728b)  -> (artifact id: '03bcb61b41025defbd01452592afe368') in 0.012405 seconds
  Import took 0.014871 seconds .

========================================================================
Received Import Request.
  Time since last request: 65.469342 seconds.
  path: Assets/M2MqttUnity
  artifactKey: Guid(944570546d264fe42a0f43eca164d385) Importer(815301076,1909f56bfc062723c751e8b465ee728b)
Start importing Assets/M2MqttUnity using Guid(944570546d264fe42a0f43eca164d385) Importer(815301076,1909f56bfc062723c751e8b465ee728b)  -> (artifact id: '0d106a6b7c711433cb68bc07aa59577a') in 0.011241 seconds
  Import took 0.014111 seconds .

========================================================================
Received Import Request.
  Time since last request: 3.023196 seconds.
  path: Assets/M2Mqtt
  artifactKey: Guid(cc10795bdf951b74c84aef0dd543a0bd) Importer(815301076,1909f56bfc062723c751e8b465ee728b)
Start importing Assets/M2Mqtt using Guid(cc10795bdf951b74c84aef0dd543a0bd) Importer(815301076,1909f56bfc062723c751e8b465ee728b)  -> (artifact id: '7a82ba428f38ed165971969a9065bc97') in 0.011132 seconds
  Import took 0.013466 seconds .

========================================================================
Received Import Request.
  Time since last request: 3.534296 seconds.
  path: Assets/M2Mqtt/epl-v10.txt
  artifactKey: Guid(b3ca18ba9d02c764691a38b6ce68324c) Importer(815301076,1909f56bfc062723c751e8b465ee728b)
Start importing Assets/M2Mqtt/epl-v10.txt using Guid(b3ca18ba9d02c764691a38b6ce68324c) Importer(815301076,1909f56bfc062723c751e8b465ee728b)  -> (artifact id: '088b79331b8f7fb2d911afbe1e28f822') in 0.087909 seconds
  Import took 0.090463 seconds .

========================================================================
Received Import Request.
  Time since last request: 0.001033 seconds.
  path: Assets/M2Mqtt/epl-v10.txt
  artifactKey: Guid(b3ca18ba9d02c764691a38b6ce68324c) Importer(815301076,1909f56bfc062723c751e8b465ee728b)
Start importing Assets/M2Mqtt/epl-v10.txt using Guid(b3ca18ba9d02c764691a38b6ce68324c) Importer(815301076,1909f56bfc062723c751e8b465ee728b)  -> (artifact id: '088b79331b8f7fb2d911afbe1e28f822') in 0.016277 seconds
  Import took 0.018415 seconds .

========================================================================
Received Import Request.
  Time since last request: 1.802955 seconds.
  path: Assets/M2Mqtt/edl-v10.txt
  artifactKey: Guid(aa404300f2ffc5c428e48b5c25f0a354) Importer(815301076,1909f56bfc062723c751e8b465ee728b)
Start importing Assets/M2Mqtt/edl-v10.txt using Guid(aa404300f2ffc5c428e48b5c25f0a354) Importer(815301076,1909f56bfc062723c751e8b465ee728b)  -> (artifact id: 'b7116c151f2f96238d9beb219b5343fe') in 0.012332 seconds
  Import took 0.015497 seconds .

========================================================================
Received Import Request.
  Time since last request: 4.379638 seconds.
  path: Assets/M2Mqtt/IMqttNetworkChannel.cs
  artifactKey: Guid(b87804afdda11b6449db52071ed47cb3) Importer(815301076,1909f56bfc062723c751e8b465ee728b)
Start importing Assets/M2Mqtt/IMqttNetworkChannel.cs using Guid(b87804afdda11b6449db52071ed47cb3) Importer(815301076,1909f56bfc062723c751e8b465ee728b)  -> (artifact id: 'a52468c6dcaac22eba5e7eb7189f0a9b') in 0.021074 seconds
  Import took 0.024226 seconds .

========================================================================
Received Import Request.
  Time since last request: 2.963124 seconds.
  path: Assets/M2Mqtt/M2Mqtt_LICENSE.txt
  artifactKey: Guid(8cc8e28a3c0b19a41bf4a445cec2872c) Importer(815301076,1909f56bfc062723c751e8b465ee728b)
Start importing Assets/M2Mqtt/M2Mqtt_LICENSE.txt using Guid(8cc8e28a3c0b19a41bf4a445cec2872c) Importer(815301076,1909f56bfc062723c751e8b465ee728b)  -> (artifact id: 'fcdc562ead23e736da63283767553a3a') in 0.011444 seconds
  Import took 0.013584 seconds .

========================================================================
Received Import Request.
  Time since last request: 12.444039 seconds.
  path: Assets/M2Mqtt/MqttClient.cs
  artifactKey: Guid(5e2e6e599dc93d04da0717a067733bb3) Importer(815301076,1909f56bfc062723c751e8b465ee728b)
Start importing Assets/M2Mqtt/MqttClient.cs using Guid(5e2e6e599dc93d04da0717a067733bb3) Importer(815301076,1909f56bfc062723c751e8b465ee728b)  -> (artifact id: '9b1ebbd337cf1ae5b48c67c1a089dc91') in 0.011714 seconds
  Import took 0.014509 seconds .

========================================================================
Received Import Request.
  Time since last request: 5.992868 seconds.
  path: Assets/M2Mqtt/MqttSecurity.cs
  artifactKey: Guid(d39e537279957784da1f759aac6e1d13) Importer(815301076,1909f56bfc062723c751e8b465ee728b)
Start importing Assets/M2Mqtt/MqttSecurity.cs using Guid(d39e537279957784da1f759aac6e1d13) Importer(815301076,1909f56bfc062723c751e8b465ee728b)  -> (artifact id: '8ef26d10be7dc0c219eba05b6258bfc7') in 0.015756 seconds
  Import took 0.018718 seconds .

========================================================================
Received Import Request.
  Time since last request: 3.202625 seconds.
  path: Assets/M2Mqtt/MqttSettings.cs
  artifactKey: Guid(dc704c0ea922f91428ca13939d73bac6) Importer(815301076,1909f56bfc062723c751e8b465ee728b)
Start importing Assets/M2Mqtt/MqttSettings.cs using Guid(dc704c0ea922f91428ca13939d73bac6) Importer(815301076,1909f56bfc062723c751e8b465ee728b)  -> (artifact id: 'e369e8a9ac296f643d829ba701c7487f') in 0.014560 seconds
  Import took 0.017019 seconds .

========================================================================
Received Import Request.
  Time since last request: 18.717202 seconds.
  path: Assets/M2Mqtt/Exceptions
  artifactKey: Guid(5f24b206284230547a594bb5321e3dfb) Importer(815301076,1909f56bfc062723c751e8b465ee728b)
Start importing Assets/M2Mqtt/Exceptions using Guid(5f24b206284230547a594bb5321e3dfb) Importer(815301076,1909f56bfc062723c751e8b465ee728b)  -> (artifact id: '85c103107cf80f93fbf595151fb0af91') in 0.009581 seconds
  Import took 0.012002 seconds .

AssetImportWorkerClient::OnTransportError - code=2 error=End of file
